<?xml version="1.0" encoding="UTF-8"?>
<!-- Generated by org.testng.reporters.JUnitXMLReporter -->
<testsuite hostname="KI0635" name="Sequential Tests" tests="2" failures="0" timestamp="23 Feb 2021 09:22:51 GMT" time="56.12" errors="0">
  <testcase name="koraOneToOneConversation" time="8.362" classname="com.org.kore.web.tests.Messages121Test"/>
  <testcase name="koraOneToOneProfileIconValidation" time="40.341" classname="com.org.kore.web.tests.Messages121Test"/>
</testsuite> <!-- Sequential Tests -->
